<?xml version="1.0" encoding="UTF-8"?>
<testsuite xmlns:xsi="http://www.w3.org/2001/XMLSchema-instance" xsi:noNamespaceSchemaLocation="https://maven.apache.org/surefire/maven-surefire-plugin/xsd/surefire-test-report-3.0.xsd" version="3.0" name="com.telusko.learning.TestLifecycleMethods" time="0.017" tests="4" errors="0" skipped="0" failures="0">
  <properties>
[...]
</properties>
  <testcase name="test1_CheckInitialization" classname="com.telusko.learning.TestLifecycleMethods" time="0.008">
    <system-out><![CDATA[
========================================
@BeforeAll: Setting up test environment
This runs ONCE before ALL tests
========================================

  @BeforeEach: Preparing test #1
  - Initialized testData: Fresh Data for Test #1
  - Test counter: 1
    [TEST 1] Running test1_CheckInitialization
    - testData = Fresh Data for Test #1
    - testCounter = 1
  @AfterEach: Cleaning up after test #1
  - Resetting test data

]]></system-out>
  </testcase>
  <testcase name="test4_FinalTest" classname="com.telusko.learning.TestLifecycleMethods" time="0.0">
    <system-out><![CDATA[  @BeforeEach: Preparing test #1
  - Initialized testData: Fresh Data for Test #1
  - Test counter: 1
    [TEST 4] Running test4_FinalTest
    - Total tests so far: 2
  @AfterEach: Cleaning up after test #1
  - Resetting test data

]]></system-out>
  </testcase>
  <testcase name="test3_VerifyLifecycle" classname="com.telusko.learning.TestLifecycleMethods" time="0.001">
    <system-out><![CDATA[  @BeforeEach: Preparing test #1
  - Initialized testData: Fresh Data for Test #1
  - Test counter: 1
    [TEST 3] Running test3_VerifyLifecycle
    - testData = Fresh Data for Test #1
    - testCounter = 1
  @AfterEach: Cleaning up after test #1
  - Resetting test data

]]></system-out>
  </testcase>
  <testcase name="test2_CheckInstanceReset" classname="com.telusko.learning.TestLifecycleMethods" time="0.0">
    <system-out><![CDATA[  @BeforeEach: Preparing test #1
  - Initialized testData: Fresh Data for Test #1
  - Test counter: 1
    [TEST 2] Running test2_CheckInstanceReset
    - testData = Fresh Data for Test #1
    - testCounter = 1
  @AfterEach: Cleaning up after test #1
  - Resetting test data

]]></system-out>
  </testcase>
</testsuite>