<?xml version="1.0" encoding="UTF-8"?>
<testsuite xmlns:xsi="http://www.w3.org/2001/XMLSchema-instance" xsi:noNamespaceSchemaLocation="https://maven.apache.org/surefire/maven-surefire-plugin/xsd/surefire-test-report-3.0.xsd" version="3.0" name="com.telusko.learning.TestAssertNotEquals" time="0.11" tests="2" errors="0" skipped="0" failures="1">
  <properties>
[...]
</properties>
  <testcase name="testNotEqualsWithErrorMessage" classname="com.telusko.learning.TestAssertNotEquals" time="0.066">
    <failure message="Test Failed because both values are equal ==&gt; expected: not equal but was: &lt;5678&gt;" type="org.opentest4j.AssertionFailedError"><![CDATA[org.opentest4j.AssertionFailedError: Test Failed because both values are equal ==> expected: not equal but was: <5678>
	at org.junit.jupiter.api.AssertionFailureBuilder.build(AssertionFailureBuilder.java:152)
	at org.junit.jupiter.api.AssertionFailureBuilder.buildAndThrow(AssertionFailureBuilder.java:132)
	at org.junit.jupiter.api.AssertNotEquals.failEqual(AssertNotEquals.java:277)
	at org.junit.jupiter.api.AssertNotEquals.assertNotEquals(AssertNotEquals.java:103)
	at org.junit.jupiter.api.Assertions.assertNotEquals(Assertions.java:2072)
	at com.telusko.learning.TestAssertNotEquals.testNotEqualsWithErrorMessage(TestAssertNotEquals.java:15)
	at java.base/java.lang.reflect.Method.invoke(Method.java:580)
	at java.base/java.util.ArrayList.forEach(ArrayList.java:1597)
	at java.base/java.util.ArrayList.forEach(ArrayList.java:1597)
]]></failure>
  </testcase>
  <testcase name="testNotEquals" classname="com.telusko.learning.TestAssertNotEquals" time="0.0"/>
</testsuite>